Replace Part * MTG3 in F:\Documents\GitHub\Handmouse\Hardware\Handmouse_STM\Handmouse_Sch.SchDoc with MTG3 from Miscellaneous.SchLib
Replace Part * MTG3 in F:\Documents\GitHub\Handmouse\Hardware\Handmouse_STM\Handmouse_Sch.SchDoc with MTG3 from Miscellaneous.SchLib
Replace Part * MTG3 in F:\Documents\GitHub\Handmouse\Hardware\Handmouse_STM\Handmouse_Sch.SchDoc with MTG3 from Miscellaneous.SchLib
Replace Part * MTG3 in F:\Documents\GitHub\Handmouse\Hardware\Handmouse_STM\Handmouse_Sch.SchDoc with MTG3 from Miscellaneous.SchLib
Replace Part * mire in F:\Documents\GitHub\Handmouse\Hardware\Handmouse_STM\Handmouse_Sch.SchDoc with mire from Miscellaneous.SchLib
Replace Part * mire in F:\Documents\GitHub\Handmouse\Hardware\Handmouse_STM\Handmouse_Sch.SchDoc with mire from Miscellaneous.SchLib
Replace Part * mire in F:\Documents\GitHub\Handmouse\Hardware\Handmouse_STM\Handmouse_Sch.SchDoc with mire from Miscellaneous.SchLib
Replace Part C? RD401-008A in F:\Documents\GitHub\Handmouse\Hardware\Handmouse_STM\Handmouse_Sch.SchDoc with RD401-008A from Condensateur.SchLib
Replace Part C? RD401-008A in F:\Documents\GitHub\Handmouse\Hardware\Handmouse_STM\Handmouse_Sch.SchDoc with RD401-008A from Condensateur.SchLib
Replace Part C? RD401-008A in F:\Documents\GitHub\Handmouse\Hardware\Handmouse_STM\Handmouse_Sch.SchDoc with RD401-008A from Condensateur.SchLib
Replace Part C? RD401-008A in F:\Documents\GitHub\Handmouse\Hardware\Handmouse_STM\Handmouse_Sch.SchDoc with RD401-008A from Condensateur.SchLib
Replace Part C? RD401-008A in F:\Documents\GitHub\Handmouse\Hardware\Handmouse_STM\Handmouse_Sch.SchDoc with RD401-008A from Condensateur.SchLib
Replace Part C? RD401-025A in F:\Documents\GitHub\Handmouse\Hardware\Handmouse_STM\Handmouse_Sch.SchDoc with RD401-025A from Condensateur.SchLib
Replace Part C? RD401-033A in F:\Documents\GitHub\Handmouse\Hardware\Handmouse_STM\Handmouse_Sch.SchDoc with RD401-033A from Condensateur.SchLib
Replace Part C? RD401-033A in F:\Documents\GitHub\Handmouse\Hardware\Handmouse_STM\Handmouse_Sch.SchDoc with RD401-033A from Condensateur.SchLib
Replace Part C? RD401-033A in F:\Documents\GitHub\Handmouse\Hardware\Handmouse_STM\Handmouse_Sch.SchDoc with RD401-033A from Condensateur.SchLib
Replace Part C? RD401-033A in F:\Documents\GitHub\Handmouse\Hardware\Handmouse_STM\Handmouse_Sch.SchDoc with RD401-033A from Condensateur.SchLib
Replace Part C? RD401-040A in F:\Documents\GitHub\Handmouse\Hardware\Handmouse_STM\Handmouse_Sch.SchDoc with RD401-040A from Condensateur.SchLib
Replace Part C? RD401-040A in F:\Documents\GitHub\Handmouse\Hardware\Handmouse_STM\Handmouse_Sch.SchDoc with RD401-040A from Condensateur.SchLib
Replace Part C? RD401-009A in F:\Documents\GitHub\Handmouse\Hardware\Handmouse_STM\Handmouse_Sch.SchDoc with RD401-009A from Condensateur.SchLib
Replace Part C? RD401-009A in F:\Documents\GitHub\Handmouse\Hardware\Handmouse_STM\Handmouse_Sch.SchDoc with RD401-009A from Condensateur.SchLib
Replace Part C? RD401-042A in F:\Documents\GitHub\Handmouse\Hardware\Handmouse_STM\Handmouse_Sch.SchDoc with RD401-042A from Condensateur.SchLib
Replace Part C? RD401-037A in F:\Documents\GitHub\Handmouse\Hardware\Handmouse_STM\Handmouse_Sch.SchDoc with RD401-037A from Condensateur.SchLib
Replace Part C? RD401-002A in F:\Documents\GitHub\Handmouse\Hardware\Handmouse_STM\Handmouse_Sch.SchDoc with RD401-002A from Condensateur.SchLib
Replace Part C? RD401-002A in F:\Documents\GitHub\Handmouse\Hardware\Handmouse_STM\Handmouse_Sch.SchDoc with RD401-002A from Condensateur.SchLib
Replace Part C? RD401-002A in F:\Documents\GitHub\Handmouse\Hardware\Handmouse_STM\Handmouse_Sch.SchDoc with RD401-002A from Condensateur.SchLib
Replace Part C? RD401-002A in F:\Documents\GitHub\Handmouse\Hardware\Handmouse_STM\Handmouse_Sch.SchDoc with RD401-002A from Condensateur.SchLib
Replace Part C? RD401-002A in F:\Documents\GitHub\Handmouse\Hardware\Handmouse_STM\Handmouse_Sch.SchDoc with RD401-002A from Condensateur.SchLib
Replace Part CN? RD408-022A in F:\Documents\GitHub\Handmouse\Hardware\Handmouse_STM\Handmouse_Sch.SchDoc with RD408-022A from Connecteur.SchLib
Replace Part CN? RD408-013A in F:\Documents\GitHub\Handmouse\Hardware\Handmouse_STM\Handmouse_Sch.SchDoc with RD408-013A from Connecteur.SchLib
Replace Part J* Pad_1X5 in F:\Documents\GitHub\Handmouse\Hardware\Handmouse_STM\Handmouse_Sch.SchDoc with Pad_1X5 from Schlib1.SchLib
Replace Part J* Pad_1X5 in F:\Documents\GitHub\Handmouse\Hardware\Handmouse_STM\Handmouse_Sch.SchDoc with Pad_1X5 from Schlib1.SchLib
Replace Part J* HE10_2.54_1X6 in F:\Documents\GitHub\Handmouse\Hardware\Handmouse_STM\Handmouse_Sch.SchDoc with HE10_2.54_1X6 from Schlib1.SchLib
Replace Part J? CONN_FCI_10103594-0001LF in F:\Documents\GitHub\Handmouse\Hardware\Handmouse_STM\Handmouse_Sch.SchDoc with CONN_FCI_10103594-0001LF from Schlib1.SchLib
Replace Part PT* PT 0.8mm in F:\Documents\GitHub\Handmouse\Hardware\Handmouse_STM\Handmouse_Sch.SchDoc with PT 0.8mm from Schlib1.SchLib
Replace Part PT* PT 0.8mm in F:\Documents\GitHub\Handmouse\Hardware\Handmouse_STM\Handmouse_Sch.SchDoc with PT 0.8mm from Schlib1.SchLib
Replace Part PT* PT 0.8mm in F:\Documents\GitHub\Handmouse\Hardware\Handmouse_STM\Handmouse_Sch.SchDoc with PT 0.8mm from Schlib1.SchLib
Replace Part PT* PT 0.8mm in F:\Documents\GitHub\Handmouse\Hardware\Handmouse_STM\Handmouse_Sch.SchDoc with PT 0.8mm from Schlib1.SchLib
Replace Part PT* PT 0.8mm in F:\Documents\GitHub\Handmouse\Hardware\Handmouse_STM\Handmouse_Sch.SchDoc with PT 0.8mm from Schlib1.SchLib
Replace Part PT* PT 0.8mm in F:\Documents\GitHub\Handmouse\Hardware\Handmouse_STM\Handmouse_Sch.SchDoc with PT 0.8mm from Schlib1.SchLib
Replace Part PT* PT 0.8mm in F:\Documents\GitHub\Handmouse\Hardware\Handmouse_STM\Handmouse_Sch.SchDoc with PT 0.8mm from Schlib1.SchLib
Replace Part PT* PT 0.8mm in F:\Documents\GitHub\Handmouse\Hardware\Handmouse_STM\Handmouse_Sch.SchDoc with PT 0.8mm from Schlib1.SchLib
Replace Part PT* PT 0.8mm in F:\Documents\GitHub\Handmouse\Hardware\Handmouse_STM\Handmouse_Sch.SchDoc with PT 0.8mm from Schlib1.SchLib
Replace Part PT* PT 0.8mm in F:\Documents\GitHub\Handmouse\Hardware\Handmouse_STM\Handmouse_Sch.SchDoc with PT 0.8mm from Schlib1.SchLib
Replace Part PT* PT 0.8mm in F:\Documents\GitHub\Handmouse\Hardware\Handmouse_STM\Handmouse_Sch.SchDoc with PT 0.8mm from Schlib1.SchLib
Replace Part PT* PT 0.8mm in F:\Documents\GitHub\Handmouse\Hardware\Handmouse_STM\Handmouse_Sch.SchDoc with PT 0.8mm from Schlib1.SchLib
Replace Part PT* PT 0.8mm in F:\Documents\GitHub\Handmouse\Hardware\Handmouse_STM\Handmouse_Sch.SchDoc with PT 0.8mm from Schlib1.SchLib
Replace Part PT* PT 0.8mm in F:\Documents\GitHub\Handmouse\Hardware\Handmouse_STM\Handmouse_Sch.SchDoc with PT 0.8mm from Schlib1.SchLib
Replace Part PT* PT 0.8mm in F:\Documents\GitHub\Handmouse\Hardware\Handmouse_STM\Handmouse_Sch.SchDoc with PT 0.8mm from Schlib1.SchLib
Replace Part Q* Quartz_16MHz in F:\Documents\GitHub\Handmouse\Hardware\Handmouse_STM\Handmouse_Sch.SchDoc with Quartz_16MHz from Schlib1.SchLib
Replace Part R? RD403-044A in F:\Documents\GitHub\Handmouse\Hardware\Handmouse_STM\Handmouse_Sch.SchDoc with RD403-044A from Resistance.SchLib
Replace Part R? RD403-044A in F:\Documents\GitHub\Handmouse\Hardware\Handmouse_STM\Handmouse_Sch.SchDoc with RD403-044A from Resistance.SchLib
Replace Part R? RD403-054A in F:\Documents\GitHub\Handmouse\Hardware\Handmouse_STM\Handmouse_Sch.SchDoc with RD403-054A from Resistance.SchLib
Replace Part R? RD403-054A in F:\Documents\GitHub\Handmouse\Hardware\Handmouse_STM\Handmouse_Sch.SchDoc with RD403-054A from Resistance.SchLib
Replace Part R? RD403-054A in F:\Documents\GitHub\Handmouse\Hardware\Handmouse_STM\Handmouse_Sch.SchDoc with RD403-054A from Resistance.SchLib
Replace Part R? RD403-054A in F:\Documents\GitHub\Handmouse\Hardware\Handmouse_STM\Handmouse_Sch.SchDoc with RD403-054A from Resistance.SchLib
Replace Part R? RD403-054A in F:\Documents\GitHub\Handmouse\Hardware\Handmouse_STM\Handmouse_Sch.SchDoc with RD403-054A from Resistance.SchLib
Replace Part R? RD403-046A in F:\Documents\GitHub\Handmouse\Hardware\Handmouse_STM\Handmouse_Sch.SchDoc with RD403-046A from Resistance.SchLib
Replace Part R? RD403-046A in F:\Documents\GitHub\Handmouse\Hardware\Handmouse_STM\Handmouse_Sch.SchDoc with RD403-046A from Resistance.SchLib
Replace Part R? RD403-054A in F:\Documents\GitHub\Handmouse\Hardware\Handmouse_STM\Handmouse_Sch.SchDoc with RD403-054A from Resistance.SchLib
Replace Part U* ADXL345BCCZ in F:\Documents\GitHub\Handmouse\Hardware\Handmouse_STM\Handmouse_Sch.SchDoc with ADXL345BCCZ from Schlib1.SchLib
Replace Part U? RD498-005A in F:\Documents\GitHub\Handmouse\Hardware\Handmouse_STM\Handmouse_Sch.SchDoc with RD498-005A from Miscellaneous.SchLib
Replace Part VR? RD426-001A in F:\Documents\GitHub\Handmouse\Hardware\Handmouse_STM\Handmouse_Sch.SchDoc with RD426-001A from Lineaire.SchLib
