Added Component: Designator=J1(CONN_10103594-0001LF)
Added Component: Designator=J2(PCBComponent_1)
Added Component: Designator=J3(PCBComponent_1)
Added Component: Designator=J4(PCBComponent_1 - duplicate)
Added Component: Designator=PT1(Pastille_0.8mm)
Added Component: Designator=PT2(Pastille_0.8mm)
Added Component: Designator=PT3(Pastille_0.8mm)
Added Component: Designator=PT4(Pastille_0.8mm)
Added Component: Designator=PT5(Pastille_0.8mm)
Added Component: Designator=PT6(Pastille_0.8mm)
Added Component: Designator=PT7(Pastille_0.8mm)
Added Component: Designator=PT8(Pastille_0.8mm)
Added Component: Designator=PT9(Pastille_0.8mm)
Added Component: Designator=PT10(Pastille_0.8mm)
Added Component: Designator=PT11(Pastille_0.8mm)
Added Component: Designator=PT12(Pastille_0.8mm)
Added Component: Designator=PT13(Pastille_0.8mm)
Added Component: Designator=PT14(Pastille_0.8mm)
Added Component: Designator=PT15(Pastille_0.8mm)
Added Component: Designator=Q1(Quartz_135X48)
Added Pin To Net: NetName=VCC_5V Pin=J1-1
Added Pin To Net: NetName=NetJ1_2 Pin=J1-2
Added Pin To Net: NetName=NetJ1_3 Pin=J1-3
Added Pin To Net: NetName=GND Pin=J1-5
Added Pin To Net: NetName=ADC_IN8 Pin=J2-1
Added Pin To Net: NetName=ADC_IN7 Pin=J2-2
Added Pin To Net: NetName=ADC_IN6 Pin=J2-3
Added Pin To Net: NetName=ADC_IN5 Pin=J2-4
Added Pin To Net: NetName=ADC_IN4 Pin=J2-5
Added Pin To Net: NetName=VCC_3V3 Pin=J3-1
Added Pin To Net: NetName=VCC_3V3 Pin=J3-2
Added Pin To Net: NetName=VCC_3V3 Pin=J3-3
Added Pin To Net: NetName=VCC_3V3 Pin=J3-4
Added Pin To Net: NetName=VCC_3V3 Pin=J3-5
Added Pin To Net: NetName=GND Pin=J4-1
Added Pin To Net: NetName=USART2_RTS Pin=J4-2
Added Pin To Net: NetName=VCC_FTDI Pin=J4-3
Added Pin To Net: NetName=USART2_RX Pin=J4-4
Added Pin To Net: NetName=USART2_TX Pin=J4-5
Added Pin To Net: NetName=USART2_CTS Pin=J4-6
Added Pin To Net: NetName=NetPT1_1 Pin=PT1-1
Added Pin To Net: NetName=NetPT2_1 Pin=PT2-1
Added Pin To Net: NetName=NetPT3_1 Pin=PT3-1
Added Pin To Net: NetName=NetPT4_1 Pin=PT4-1
Added Pin To Net: NetName=NetPT5_1 Pin=PT5-1
Added Pin To Net: NetName=NetPT6_1 Pin=PT6-1
Added Pin To Net: NetName=NetPT7_1 Pin=PT7-1
Added Pin To Net: NetName=I2C1_SCL Pin=PT8-1
Added Pin To Net: NetName=I2C1_SDA Pin=PT9-1
Added Pin To Net: NetName=SWITCH Pin=PT10-1
Added Pin To Net: NetName=ADC_IN4 Pin=PT11-1
Added Pin To Net: NetName=ADC_IN5 Pin=PT12-1
Added Pin To Net: NetName=ADC_IN6 Pin=PT13-1
Added Pin To Net: NetName=ADC_IN7 Pin=PT14-1
Added Pin To Net: NetName=ADC_IN8 Pin=PT15-1
Added Pin To Net: NetName=OSCIN Pin=Q1-1
Added Pin To Net: NetName=OSCOUT Pin=Q1-2
Added Member To Class: ClassName=Handmouse Member=Component J1 CONN_FCI_10103594-0001LF
Added Member To Class: ClassName=Handmouse Member=Component J2 Pad_1X5
Added Member To Class: ClassName=Handmouse Member=Component J3 Pad_1X5
Added Member To Class: ClassName=Handmouse Member=Component J4 HE10_2.54_1X6
Added Member To Class: ClassName=Handmouse Member=Component PT1 PT 0.8mm
Added Member To Class: ClassName=Handmouse Member=Component PT2 PT 0.8mm
Added Member To Class: ClassName=Handmouse Member=Component PT3 PT 0.8mm
Added Member To Class: ClassName=Handmouse Member=Component PT4 PT 0.8mm
Added Member To Class: ClassName=Handmouse Member=Component PT5 PT 0.8mm
Added Member To Class: ClassName=Handmouse Member=Component PT6 PT 0.8mm
Added Member To Class: ClassName=Handmouse Member=Component PT7 PT 0.8mm
Added Member To Class: ClassName=Handmouse Member=Component PT8 PT 0.8mm
Added Member To Class: ClassName=Handmouse Member=Component PT9 PT 0.8mm
Added Member To Class: ClassName=Handmouse Member=Component PT10 PT 0.8mm
Added Member To Class: ClassName=Handmouse Member=Component PT11 PT 0.8mm
Added Member To Class: ClassName=Handmouse Member=Component PT12 PT 0.8mm
Added Member To Class: ClassName=Handmouse Member=Component PT13 PT 0.8mm
Added Member To Class: ClassName=Handmouse Member=Component PT14 PT 0.8mm
Added Member To Class: ClassName=Handmouse Member=Component PT15 PT 0.8mm
Added Member To Class: ClassName=Handmouse Member=Component Q1 Quartz_16MHz
