Removed Pin From Net: NetName=GND Pin=C3-1
Removed Pin From Net: NetName=NRST Pin=C3-2
Removed Pin From Net: NetName=GND Pin=C16-1
Removed Pin From Net: NetName=VCC_3V3 Pin=C16-2
Removed Pin From Net: NetName=GND Pin=C17-1
Removed Pin From Net: NetName=VCC_3V3 Pin=C17-2
Removed Pin From Net: NetName=GND Pin=C18-1
Removed Pin From Net: NetName=VCC_3V3 Pin=C18-2
Removed Pin From Net: NetName=GND Pin=C19-1
Removed Pin From Net: NetName=VCC_3V3 Pin=C19-2
Removed Pin From Net: NetName=GND Pin=C20-1
Removed Pin From Net: NetName=VCC_3V3 Pin=C20-2
Removed Member From Class: ClassName=Handmouse Member=C3
Removed Member From Class: ClassName=Handmouse Member=C16
Removed Member From Class: ClassName=Handmouse Member=C17
Removed Member From Class: ClassName=Handmouse Member=C18
Removed Member From Class: ClassName=Handmouse Member=C19
Removed Member From Class: ClassName=Handmouse Member=C20
Added Component: Designator=C?(0402)
Added Component: Designator=C?(0402)
Added Component: Designator=C?(0402)
Added Component: Designator=C?(0402)
Added Component: Designator=C?(0402)
Added Component: Designator=C?(0402)
Added Pin To Net: NetName=GND Pin=C?-1
Added Pin To Net: NetName=GND Pin=C?-1
Added Pin To Net: NetName=GND Pin=C?-1
Added Pin To Net: NetName=GND Pin=C?-1
Added Pin To Net: NetName=GND Pin=C?-1
Added Pin To Net: NetName=GND Pin=C?-1
Added Pin To Net: NetName=NRST Pin=C?-2
Added Pin To Net: NetName=VCC_3V3 Pin=C?-2
Added Pin To Net: NetName=VCC_3V3 Pin=C?-2
Added Pin To Net: NetName=VCC_3V3 Pin=C?-2
Added Pin To Net: NetName=VCC_3V3 Pin=C?-2
Added Pin To Net: NetName=VCC_3V3 Pin=C?-2
Added Member To Class: ClassName=Handmouse Member=Component C? RD401-033A
