Replace Part C1 RD401-040A in F:\Documents\GitHub\Handmouse\Hardware\Handmouse_STM\Handmouse.SchDoc with RD401-040A from Condensateur.SchLib
Replace Part C2 RD401-040A in F:\Documents\GitHub\Handmouse\Hardware\Handmouse_STM\Handmouse.SchDoc with RD401-040A from Condensateur.SchLib
Replace Part C3 RD401-002A in F:\Documents\GitHub\Handmouse\Hardware\Handmouse_STM\Handmouse.SchDoc with RD401-002A from Condensateur.SchLib
Replace Part C4 RD401-025A in F:\Documents\GitHub\Handmouse\Hardware\Handmouse_STM\Handmouse.SchDoc with RD401-025A from Condensateur.SchLib
Replace Part C5 RD401-033A in F:\Documents\GitHub\Handmouse\Hardware\Handmouse_STM\Handmouse.SchDoc with RD401-033A from Condensateur.SchLib
Replace Part C6 RD401-033A in F:\Documents\GitHub\Handmouse\Hardware\Handmouse_STM\Handmouse.SchDoc with RD401-033A from Condensateur.SchLib
Replace Part C7 RD401-033A in F:\Documents\GitHub\Handmouse\Hardware\Handmouse_STM\Handmouse.SchDoc with RD401-033A from Condensateur.SchLib
Replace Part C8 RD401-033A in F:\Documents\GitHub\Handmouse\Hardware\Handmouse_STM\Handmouse.SchDoc with RD401-033A from Condensateur.SchLib
Replace Part C9 RD401-009A in F:\Documents\GitHub\Handmouse\Hardware\Handmouse_STM\Handmouse.SchDoc with RD401-009A from Condensateur.SchLib
Replace Part C10 RD401-009A in F:\Documents\GitHub\Handmouse\Hardware\Handmouse_STM\Handmouse.SchDoc with RD401-009A from Condensateur.SchLib
Replace Part C11 RD401-008A in F:\Documents\GitHub\Handmouse\Hardware\Handmouse_STM\Handmouse.SchDoc with RD401-008A from Condensateur.SchLib
Replace Part C12 RD401-008A in F:\Documents\GitHub\Handmouse\Hardware\Handmouse_STM\Handmouse.SchDoc with RD401-008A from Condensateur.SchLib
Replace Part C13 RD401-008A in F:\Documents\GitHub\Handmouse\Hardware\Handmouse_STM\Handmouse.SchDoc with RD401-008A from Condensateur.SchLib
Replace Part C14 RD401-008A in F:\Documents\GitHub\Handmouse\Hardware\Handmouse_STM\Handmouse.SchDoc with RD401-008A from Condensateur.SchLib
Replace Part C15 RD401-008A in F:\Documents\GitHub\Handmouse\Hardware\Handmouse_STM\Handmouse.SchDoc with RD401-008A from Condensateur.SchLib
Replace Part C16 RD401-002A in F:\Documents\GitHub\Handmouse\Hardware\Handmouse_STM\Handmouse.SchDoc with RD401-002A from Condensateur.SchLib
Replace Part C17 RD401-002A in F:\Documents\GitHub\Handmouse\Hardware\Handmouse_STM\Handmouse.SchDoc with RD401-002A from Condensateur.SchLib
Replace Part C18 RD401-042A in F:\Documents\GitHub\Handmouse\Hardware\Handmouse_STM\Handmouse.SchDoc with RD401-042A from Condensateur.SchLib
Replace Part C19 RD401-002A in F:\Documents\GitHub\Handmouse\Hardware\Handmouse_STM\Handmouse.SchDoc with RD401-002A from Condensateur.SchLib
Replace Part C20 RD401-002A in F:\Documents\GitHub\Handmouse\Hardware\Handmouse_STM\Handmouse.SchDoc with RD401-002A from Condensateur.SchLib
Replace Part C21 RD401-037A in F:\Documents\GitHub\Handmouse\Hardware\Handmouse_STM\Handmouse.SchDoc with RD401-037A from Condensateur.SchLib
Replace Part CN1 RD408-013A in F:\Documents\GitHub\Handmouse\Hardware\Handmouse_STM\Handmouse.SchDoc with RD408-013A from Connecteur.SchLib
Replace Part CN2 RD408-022A in F:\Documents\GitHub\Handmouse\Hardware\Handmouse_STM\Handmouse.SchDoc with RD408-022A from Connecteur.SchLib
Replace Part CN3 RD408-013A in F:\Documents\GitHub\Handmouse\Hardware\Handmouse_STM\Handmouse.SchDoc with RD408-013A from Connecteur.SchLib
Replace Part CN4 RD408-013A in F:\Documents\GitHub\Handmouse\Hardware\Handmouse_STM\Handmouse.SchDoc with RD408-013A from Connecteur.SchLib
Replace Part J1 CONN_FCI_10103594-0001LF in F:\Documents\GitHub\Handmouse\Hardware\Handmouse_STM\Handmouse.SchDoc with CONN_FCI_10103594-0001LF from Schlib1.SchLib
Replace Part J2 Pad_1X5 in F:\Documents\GitHub\Handmouse\Hardware\Handmouse_STM\Handmouse.SchDoc with Pad_1X5 from Schlib1.SchLib
Replace Part J3 Pad_1X5 in F:\Documents\GitHub\Handmouse\Hardware\Handmouse_STM\Handmouse.SchDoc with Pad_1X5 from Schlib1.SchLib
Replace Part J4 HE10_2.54_1X6 in F:\Documents\GitHub\Handmouse\Hardware\Handmouse_STM\Handmouse.SchDoc with HE10_2.54_1X6 from Schlib1.SchLib
Replace Part M1 mire in F:\Documents\GitHub\Handmouse\Hardware\Handmouse_STM\Handmouse.SchDoc with mire from Miscellaneous.SchLib
Replace Part M2 mire in F:\Documents\GitHub\Handmouse\Hardware\Handmouse_STM\Handmouse.SchDoc with mire from Miscellaneous.SchLib
Replace Part M3 mire in F:\Documents\GitHub\Handmouse\Hardware\Handmouse_STM\Handmouse.SchDoc with mire from Miscellaneous.SchLib
Replace Part PT1 PT 0.8mm in F:\Documents\GitHub\Handmouse\Hardware\Handmouse_STM\Handmouse.SchDoc with PT 0.8mm from Schlib1.SchLib
Replace Part PT2 PT 0.8mm in F:\Documents\GitHub\Handmouse\Hardware\Handmouse_STM\Handmouse.SchDoc with PT 0.8mm from Schlib1.SchLib
Replace Part PT3 PT 0.8mm in F:\Documents\GitHub\Handmouse\Hardware\Handmouse_STM\Handmouse.SchDoc with PT 0.8mm from Schlib1.SchLib
Replace Part PT4 PT 0.8mm in F:\Documents\GitHub\Handmouse\Hardware\Handmouse_STM\Handmouse.SchDoc with PT 0.8mm from Schlib1.SchLib
Replace Part PT5 PT 0.8mm in F:\Documents\GitHub\Handmouse\Hardware\Handmouse_STM\Handmouse.SchDoc with PT 0.8mm from Schlib1.SchLib
Replace Part PT6 PT 0.8mm in F:\Documents\GitHub\Handmouse\Hardware\Handmouse_STM\Handmouse.SchDoc with PT 0.8mm from Schlib1.SchLib
Replace Part PT7 PT 0.8mm in F:\Documents\GitHub\Handmouse\Hardware\Handmouse_STM\Handmouse.SchDoc with PT 0.8mm from Schlib1.SchLib
Replace Part PT8 PT 0.8mm in F:\Documents\GitHub\Handmouse\Hardware\Handmouse_STM\Handmouse.SchDoc with PT 0.8mm from Schlib1.SchLib
Replace Part PT9 PT 0.8mm in F:\Documents\GitHub\Handmouse\Hardware\Handmouse_STM\Handmouse.SchDoc with PT 0.8mm from Schlib1.SchLib
Replace Part PT10 PT 0.8mm in F:\Documents\GitHub\Handmouse\Hardware\Handmouse_STM\Handmouse.SchDoc with PT 0.8mm from Schlib1.SchLib
Replace Part PT11 PT 0.8mm in F:\Documents\GitHub\Handmouse\Hardware\Handmouse_STM\Handmouse.SchDoc with PT 0.8mm from Schlib1.SchLib
Replace Part PT12 PT 0.8mm in F:\Documents\GitHub\Handmouse\Hardware\Handmouse_STM\Handmouse.SchDoc with PT 0.8mm from Schlib1.SchLib
Replace Part PT13 PT 0.8mm in F:\Documents\GitHub\Handmouse\Hardware\Handmouse_STM\Handmouse.SchDoc with PT 0.8mm from Schlib1.SchLib
Replace Part PT14 PT 0.8mm in F:\Documents\GitHub\Handmouse\Hardware\Handmouse_STM\Handmouse.SchDoc with PT 0.8mm from Schlib1.SchLib
Replace Part PT15 PT 0.8mm in F:\Documents\GitHub\Handmouse\Hardware\Handmouse_STM\Handmouse.SchDoc with PT 0.8mm from Schlib1.SchLib
Replace Part Q1 Quartz_16MHz in F:\Documents\GitHub\Handmouse\Hardware\Handmouse_STM\Handmouse.SchDoc with Quartz_16MHz from Schlib1.SchLib
Replace Part R1 RD403-054A in F:\Documents\GitHub\Handmouse\Hardware\Handmouse_STM\Handmouse.SchDoc with RD403-054A from Resistance.SchLib
Replace Part R2 RD403-046A in F:\Documents\GitHub\Handmouse\Hardware\Handmouse_STM\Handmouse.SchDoc with RD403-046A from Resistance.SchLib
Replace Part R3 RD403-046A in F:\Documents\GitHub\Handmouse\Hardware\Handmouse_STM\Handmouse.SchDoc with RD403-046A from Resistance.SchLib
Replace Part R4 RD403-044A in F:\Documents\GitHub\Handmouse\Hardware\Handmouse_STM\Handmouse.SchDoc with RD403-044A from Resistance.SchLib
Replace Part R5 RD403-044A in F:\Documents\GitHub\Handmouse\Hardware\Handmouse_STM\Handmouse.SchDoc with RD403-044A from Resistance.SchLib
Replace Part R6 RD403-054A in F:\Documents\GitHub\Handmouse\Hardware\Handmouse_STM\Handmouse.SchDoc with RD403-054A from Resistance.SchLib
Replace Part R7 RD403-054A in F:\Documents\GitHub\Handmouse\Hardware\Handmouse_STM\Handmouse.SchDoc with RD403-054A from Resistance.SchLib
Replace Part R8 RD403-054A in F:\Documents\GitHub\Handmouse\Hardware\Handmouse_STM\Handmouse.SchDoc with RD403-054A from Resistance.SchLib
Replace Part R9 RD403-054A in F:\Documents\GitHub\Handmouse\Hardware\Handmouse_STM\Handmouse.SchDoc with RD403-054A from Resistance.SchLib
Replace Part R10 RD403-054A in F:\Documents\GitHub\Handmouse\Hardware\Handmouse_STM\Handmouse.SchDoc with RD403-054A from Resistance.SchLib
Replace Part R11 RD403-007A in F:\Documents\GitHub\Handmouse\Hardware\Handmouse_STM\Handmouse.SchDoc with RD403-007A from Resistance.SchLib
Replace Part R12 RD403-007A in F:\Documents\GitHub\Handmouse\Hardware\Handmouse_STM\Handmouse.SchDoc with RD403-007A from Resistance.SchLib
Replace Part U1 RD498-005A in F:\Documents\GitHub\Handmouse\Hardware\Handmouse_STM\Handmouse.SchDoc with RD498-005A from Miscellaneous.SchLib
Replace Part U2 ADXL345BCCZ in F:\Documents\GitHub\Handmouse\Hardware\Handmouse_STM\Handmouse.SchDoc with ADXL345BCCZ from Schlib1.SchLib
Replace Part U3 RD421-006A in F:\Documents\GitHub\Handmouse\Hardware\Handmouse_STM\Handmouse.SchDoc with RD421-006A from SOC.SchLib
Replace Part U3 RD421-006A in F:\Documents\GitHub\Handmouse\Hardware\Handmouse_STM\Handmouse.SchDoc with RD421-006A from SOC.SchLib
Replace Part U3 RD421-006A in F:\Documents\GitHub\Handmouse\Hardware\Handmouse_STM\Handmouse.SchDoc with RD421-006A from SOC.SchLib
Replace Part VR1 RD426-001A in F:\Documents\GitHub\Handmouse\Hardware\Handmouse_STM\Handmouse.SchDoc with RD426-001A from Lineaire.SchLib
