Added Component: Designator=U2(PCBComponent_1 - duplicate1)
Added Component: Designator=U3(LQFP48)
Added Pin To Net: NetName=VCC_3V3 Pin=U2-1
Added Pin To Net: NetName=GND Pin=U2-2
Added Pin To Net: NetName=VCC_3V3 Pin=U2-3
Added Pin To Net: NetName=GND Pin=U2-4
Added Pin To Net: NetName=GND Pin=U2-5
Added Pin To Net: NetName=VCC_3V3 Pin=U2-6
Added Pin To Net: NetName=VCC_3V3 Pin=U2-7
Added Pin To Net: NetName=VCC_3V3 Pin=U2-11
Added Pin To Net: NetName=GND Pin=U2-12
Added Pin To Net: NetName=I2C1_SDA Pin=U2-13
Added Pin To Net: NetName=I2C1_SCL Pin=U2-14
Added Pin To Net: NetName=VCC_3V3 Pin=U3-1
Added Pin To Net: NetName=NetPT7_1 Pin=U3-2
Added Pin To Net: NetName=OSCIN Pin=U3-5
Added Pin To Net: NetName=OSCOUT Pin=U3-6
Added Pin To Net: NetName=NRST Pin=U3-7
Added Pin To Net: NetName=GND Pin=U3-8
Added Pin To Net: NetName=USART2_CTS Pin=U3-10
Added Pin To Net: NetName=USART2_RTS Pin=U3-11
Added Pin To Net: NetName=USART2_TX Pin=U3-12
Added Pin To Net: NetName=USART2_RX Pin=U3-13
Added Pin To Net: NetName=ADC_IN4 Pin=U3-14
Added Pin To Net: NetName=ADC_IN5 Pin=U3-15
Added Pin To Net: NetName=ADC_IN6 Pin=U3-16
Added Pin To Net: NetName=ADC_IN7 Pin=U3-17
Added Pin To Net: NetName=ADC_IN8 Pin=U3-18
Added Pin To Net: NetName=NetPT1_1 Pin=U3-19
Added Pin To Net: NetName=NetPT2_1 Pin=U3-20
Added Pin To Net: NetName=NetPT5_1 Pin=U3-21
Added Pin To Net: NetName=NetPT6_1 Pin=U3-22
Added Pin To Net: NetName=GND Pin=U3-23
Added Pin To Net: NetName=VCC_3V3 Pin=U3-24
Added Pin To Net: NetName=NetPT3_1 Pin=U3-29
Added Pin To Net: NetName=NetPT4_1 Pin=U3-30
Added Pin To Net: NetName=USB_N Pin=U3-32
Added Pin To Net: NetName=USB_P Pin=U3-33
Added Pin To Net: NetName=SWDIO Pin=U3-34
Added Pin To Net: NetName=GND Pin=U3-35
Added Pin To Net: NetName=VCC_3V3 Pin=U3-36
Added Pin To Net: NetName=SWDCLK Pin=U3-37
Added Pin To Net: NetName=SWITCH Pin=U3-38
Added Pin To Net: NetName=LED_1 Pin=U3-39
Added Pin To Net: NetName=LED_2 Pin=U3-40
Added Pin To Net: NetName=LED_3 Pin=U3-41
Added Pin To Net: NetName=LED_4 Pin=U3-42
Added Pin To Net: NetName=LED_5 Pin=U3-43
Added Pin To Net: NetName=BOOT0 Pin=U3-44
Added Pin To Net: NetName=I2C1_SCL Pin=U3-45
Added Pin To Net: NetName=I2C1_SDA Pin=U3-46
Added Pin To Net: NetName=GND Pin=U3-47
Added Pin To Net: NetName=VCC_3V3 Pin=U3-48
Added Member To Class: ClassName=Handmouse Member=Component U2 ADXL345BCCZ
Added Member To Class: ClassName=Handmouse Member=Component U3 RD421-006A
