Removed Pin From Net: NetName=VCC_3V3 Pin=C16-2
Removed Pin From Net: NetName=VCC_3V3 Pin=C17-2
Removed Pin From Net: NetName=VCC_3V3 Pin=C19-2
Removed Pin From Net: NetName=VCC_3V3 Pin=C20-2
Removed Pin From Net: NetName=VCC_3V3 Pin=U1-1
Removed Pin From Net: NetName=VCC_3V3 Pin=U1-15
Removed Pin From Net: NetName=VCC_3V3 Pin=U1-16
Removed Pin From Net: NetName=VCC_3V3 Pin=U2-1
Removed Pin From Net: NetName=VCC_3V3 Pin=U2-3
Removed Pin From Net: NetName=VCC_3V3 Pin=U2-6
Removed Pin From Net: NetName=VCC_3V3 Pin=U2-11
Removed Pin From Net: NetName=VCC_3V3 Pin=U3-1
Removed Pin From Net: NetName=VCC_3V3 Pin=U3-24
Removed Pin From Net: NetName=VCC_3V3 Pin=U3-36
Removed Pin From Net: NetName=I2C1_SCL Pin=U3-45
Removed Pin From Net: NetName=I2C1_SDA Pin=U3-46
Removed Pin From Net: NetName=VCC_3V3 Pin=U3-48
Added Component: Designator=R18(0603)
Added Component: Designator=R19(0603)
Added Component: Designator=R20(0603)
Added Component: Designator=R21(0603)
Added Component: Designator=R22(0603)
Added Component: Designator=R23(0603)
Added Pin To Net: NetName=VCC_3V3 Pin=R18-2
Added Pin To Net: NetName=I2C1_SCL Pin=R19-2
Added Pin To Net: NetName=I2C1_SDA Pin=R20-2
Added Pin To Net: NetName=VCC_3V3 Pin=R21-2
Added Pin To Net: NetName=VCC_3V3 Pin=R22-2
Added Pin To Net: NetName=NRST Pin=R23-2
Added Pin To Net: NetName=NetC16_2 Pin=C16-2
Added Pin To Net: NetName=NetC16_2 Pin=C17-2
Added Pin To Net: NetName=NetC16_2 Pin=R21-1
Added Pin To Net: NetName=NetC16_2 Pin=U1-1
Added Pin To Net: NetName=NetC16_2 Pin=U1-15
Added Pin To Net: NetName=NetC16_2 Pin=U1-16
Added Net: Name=NetC16_2
Added Pin To Net: NetName=NetC19_2 Pin=C19-2
Added Pin To Net: NetName=NetC19_2 Pin=C20-2
Added Pin To Net: NetName=NetC19_2 Pin=R22-1
Added Pin To Net: NetName=NetC19_2 Pin=U2-1
Added Pin To Net: NetName=NetC19_2 Pin=U2-3
Added Pin To Net: NetName=NetC19_2 Pin=U2-6
Added Pin To Net: NetName=NetC19_2 Pin=U2-11
Added Net: Name=NetC19_2
Added Pin To Net: NetName=NetCN2_3 Pin=CN2-3
Added Pin To Net: NetName=NetCN2_3 Pin=R23-1
Added Net: Name=NetCN2_3
Added Pin To Net: NetName=NetR18_1 Pin=R18-1
Added Pin To Net: NetName=NetR18_1 Pin=U3-1
Added Pin To Net: NetName=NetR18_1 Pin=U3-24
Added Pin To Net: NetName=NetR18_1 Pin=U3-36
Added Pin To Net: NetName=NetR18_1 Pin=U3-48
Added Net: Name=NetR18_1
Added Pin To Net: NetName=NetR19_1 Pin=R19-1
Added Pin To Net: NetName=NetR19_1 Pin=U3-45
Added Net: Name=NetR19_1
Added Pin To Net: NetName=NetR20_1 Pin=R20-1
Added Pin To Net: NetName=NetR20_1 Pin=U3-46
Added Net: Name=NetR20_1
Added Member To Class: ClassName=Handmouse Member=Component R18 RD403-044A
Added Member To Class: ClassName=Handmouse Member=Component R19 RD403-044A
Added Member To Class: ClassName=Handmouse Member=Component R20 RD403-044A
Added Member To Class: ClassName=Handmouse Member=Component R21 RD403-044A
Added Member To Class: ClassName=Handmouse Member=Component R22 RD403-044A
Added Member To Class: ClassName=Handmouse Member=Component R23 RD403-044A
