Added Component: Designator=C1(1206)
Added Component: Designator=C2(1206)
Added Component: Designator=C3(0805)
Added Component: Designator=C4(0805)
Added Component: Designator=C16(0805)
Added Component: Designator=C17(0805)
Added Component: Designator=C18(0805)
Added Component: Designator=C19(0805)
Added Component: Designator=C20(0805)
Added Component: Designator=CN1(PinHead 2*1 M)
Added Component: Designator=CN2(TC2030-IDC-FP)
Added Component: Designator=CN3(PinHead 2*1 M)
Added Component: Designator=CN4(PinHead 2*1 M)
Added Component: Designator=H1(MTG3)
Added Component: Designator=H2(MTG3)
Added Component: Designator=H3(MTG3)
Added Component: Designator=H4(MTG3)
Added Component: Designator=M1(Mire)
Added Component: Designator=M2(Mire)
Added Component: Designator=M3(Mire)
Added Component: Designator=U1(LGA_50P_300X300_16)
Added Pin To Net: NetName=GND Pin=C1-1
Added Pin To Net: NetName=VCC_5V Pin=C1-2
Added Pin To Net: NetName=GND Pin=C2-1
Added Pin To Net: NetName=VCC_3V3 Pin=C2-2
Added Pin To Net: NetName=GND Pin=C3-1
Added Pin To Net: NetName=NRST Pin=C3-2
Added Pin To Net: NetName=GND Pin=C4-1
Added Pin To Net: NetName=VCC_3V3 Pin=C4-2
Added Pin To Net: NetName=GND Pin=C16-1
Added Pin To Net: NetName=VCC_3V3 Pin=C16-2
Added Pin To Net: NetName=GND Pin=C17-1
Added Pin To Net: NetName=VCC_3V3 Pin=C17-2
Added Pin To Net: NetName=GND Pin=C18-1
Added Pin To Net: NetName=VCC_3V3 Pin=C18-2
Added Pin To Net: NetName=GND Pin=C19-1
Added Pin To Net: NetName=VCC_3V3 Pin=C19-2
Added Pin To Net: NetName=GND Pin=C20-1
Added Pin To Net: NetName=VCC_3V3 Pin=C20-2
Added Pin To Net: NetName=GND Pin=CN1-1
Added Pin To Net: NetName=NRST Pin=CN1-2
Added Pin To Net: NetName=VCC_3V3 Pin=CN2-1
Added Pin To Net: NetName=SWDIO Pin=CN2-2
Added Pin To Net: NetName=SWDCLK Pin=CN2-4
Added Pin To Net: NetName=GND Pin=CN2-5
Added Pin To Net: NetName=BOOT0 Pin=CN3-1
Added Pin To Net: NetName=VCC_3V3 Pin=CN3-2
Added Pin To Net: NetName=GND Pin=CN4-1
Added Pin To Net: NetName=BOOT0 Pin=CN4-2
Added Pin To Net: NetName=VCC_3V3 Pin=U1-1
Added Pin To Net: NetName=I2C1_SCL Pin=U1-2
Added Pin To Net: NetName=I2C1_SDA Pin=U1-3
Added Pin To Net: NetName=GND Pin=U1-4
Added Pin To Net: NetName=VCC_3V3 Pin=U1-5
Added Pin To Net: NetName=GND Pin=U1-8
Added Pin To Net: NetName=GND Pin=U1-9
Added Pin To Net: NetName=GND Pin=U1-10
Added Pin To Net: NetName=GND Pin=U1-11
Added Pin To Net: NetName=GND Pin=U1-12
Added Pin To Net: NetName=GND Pin=U1-13
Added Pin To Net: NetName=NetC21_2 Pin=U1-14
Added Pin To Net: NetName=VCC_3V3 Pin=U1-15
Added Pin To Net: NetName=VCC_3V3 Pin=U1-16
Added Member To Class: ClassName=Handmouse Member=Component C1 RD401-040A
Added Member To Class: ClassName=Handmouse Member=Component C2 RD401-040A
Added Member To Class: ClassName=Handmouse Member=Component C3 RD401-002A
Added Member To Class: ClassName=Handmouse Member=Component C4 Value
Added Member To Class: ClassName=Handmouse Member=Component C16 RD401-002A
Added Member To Class: ClassName=Handmouse Member=Component C17 RD401-002A
Added Member To Class: ClassName=Handmouse Member=Component C18 RD401-042A
Added Member To Class: ClassName=Handmouse Member=Component C19 RD401-002A
Added Member To Class: ClassName=Handmouse Member=Component C20 RD401-002A
Added Member To Class: ClassName=Handmouse Member=Component CN1 RD408-013A
Added Member To Class: ClassName=Handmouse Member=Component CN2 RD408-022A
Added Member To Class: ClassName=Handmouse Member=Component CN3 RD408-013A
Added Member To Class: ClassName=Handmouse Member=Component CN4 RD408-013A
Added Member To Class: ClassName=Handmouse Member=Component H1 MTG3
Added Member To Class: ClassName=Handmouse Member=Component H2 MTG3
Added Member To Class: ClassName=Handmouse Member=Component H3 MTG3
Added Member To Class: ClassName=Handmouse Member=Component H4 MTG3
Added Member To Class: ClassName=Handmouse Member=Component M1 mire
Added Member To Class: ClassName=Handmouse Member=Component M2 mire
Added Member To Class: ClassName=Handmouse Member=Component M3 mire
Added Member To Class: ClassName=Handmouse Member=Component U1 RD498-005A
